1.923900000000000000e+04 9.483000000000000000e+03 9.604000000000000000e+03 9.642000000000000000e+03
2.601900000000000000e+04 1.316000000000000000e+04 1.288200000000000000e+04 1.300200000000000000e+04
2.513700000000000000e+04 1.228000000000000000e+04 1.208800000000000000e+04 1.250900000000000000e+04
2.199900000000000000e+04 1.096000000000000000e+04 1.098700000000000000e+04 1.077800000000000000e+04
1.882500000000000000e+04 9.502000000000000000e+03 9.392000000000000000e+03 9.420000000000000000e+03
1.608800000000000000e+04 8.299000000000000000e+03 8.002000000000000000e+03 8.109000000000000000e+03
1.374500000000000000e+04 7.014000000000000000e+03 7.076000000000000000e+03 7.038000000000000000e+03
1.179700000000000000e+04 5.837000000000000000e+03 5.908000000000000000e+03 5.900000000000000000e+03
1.036900000000000000e+04 5.183000000000000000e+03 5.144000000000000000e+03 5.134000000000000000e+03
9.211000000000000000e+03 4.591000000000000000e+03 4.630000000000000000e+03 4.638000000000000000e+03
9.105000000000000000e+03 4.473000000000000000e+03 4.521000000000000000e+03 4.508000000000000000e+03
8.685000000000000000e+03 4.279000000000000000e+03 4.265000000000000000e+03 4.378000000000000000e+03
8.481000000000000000e+03 4.355000000000000000e+03 4.311000000000000000e+03 4.370000000000000000e+03
8.527000000000000000e+03 4.342000000000000000e+03 4.184000000000000000e+03 4.336000000000000000e+03
8.361000000000000000e+03 4.104000000000000000e+03 4.176000000000000000e+03 4.206000000000000000e+03
8.303000000000000000e+03 4.146000000000000000e+03 4.133000000000000000e+03 4.148000000000000000e+03
8.307000000000000000e+03 3.992000000000000000e+03 4.191000000000000000e+03 4.239000000000000000e+03
7.880000000000000000e+03 3.953000000000000000e+03 4.078000000000000000e+03 3.992000000000000000e+03
7.864000000000000000e+03 3.949000000000000000e+03 3.945000000000000000e+03 3.981000000000000000e+03
7.830000000000000000e+03 3.816000000000000000e+03 3.781000000000000000e+03 3.888000000000000000e+03
7.511000000000000000e+03 3.773000000000000000e+03 3.770000000000000000e+03 3.793000000000000000e+03
7.354000000000000000e+03 3.678000000000000000e+03 3.716000000000000000e+03 3.561000000000000000e+03
7.301000000000000000e+03 3.471000000000000000e+03 3.577000000000000000e+03 3.528000000000000000e+03
6.891000000000000000e+03 3.503000000000000000e+03 3.473000000000000000e+03 3.453000000000000000e+03
6.650000000000000000e+03 3.332000000000000000e+03 3.422000000000000000e+03 3.360000000000000000e+03
6.594000000000000000e+03 3.210000000000000000e+03 3.214000000000000000e+03 3.179000000000000000e+03
6.251000000000000000e+03 3.224000000000000000e+03 3.082000000000000000e+03 3.122000000000000000e+03
6.002000000000000000e+03 2.985000000000000000e+03 3.060000000000000000e+03 3.024000000000000000e+03
5.873000000000000000e+03 2.875000000000000000e+03 2.912000000000000000e+03 2.872000000000000000e+03
5.631000000000000000e+03 2.819000000000000000e+03 2.814000000000000000e+03 2.817000000000000000e+03
5.293000000000000000e+03 2.644000000000000000e+03 2.799000000000000000e+03 2.680000000000000000e+03
5.247000000000000000e+03 2.570000000000000000e+03 2.591000000000000000e+03 2.521000000000000000e+03
4.932000000000000000e+03 2.435000000000000000e+03 2.447000000000000000e+03 2.514000000000000000e+03
4.793000000000000000e+03 2.365000000000000000e+03 2.431000000000000000e+03 2.349000000000000000e+03
4.652000000000000000e+03 2.399000000000000000e+03 2.287000000000000000e+03 2.229000000000000000e+03
4.428000000000000000e+03 2.169000000000000000e+03 2.178000000000000000e+03 2.211000000000000000e+03
4.281000000000000000e+03 2.161000000000000000e+03 2.255000000000000000e+03 2.037000000000000000e+03
4.128000000000000000e+03 2.129000000000000000e+03 2.053000000000000000e+03 2.089000000000000000e+03
3.959000000000000000e+03 1.939000000000000000e+03 1.945000000000000000e+03 1.911000000000000000e+03
3.806000000000000000e+03 2.001000000000000000e+03 1.980000000000000000e+03 1.872000000000000000e+03
3.673000000000000000e+03 1.804000000000000000e+03 1.888000000000000000e+03 1.825000000000000000e+03
3.577000000000000000e+03 1.740000000000000000e+03 1.743000000000000000e+03 1.730000000000000000e+03
3.478000000000000000e+03 1.747000000000000000e+03 1.762000000000000000e+03 1.660000000000000000e+03
3.230000000000000000e+03 1.673000000000000000e+03 1.669000000000000000e+03 1.573000000000000000e+03
3.211000000000000000e+03 1.628000000000000000e+03 1.517000000000000000e+03 1.508000000000000000e+03
1.411600000000000000e+04 7.065000000000000000e+03 6.968000000000000000e+03 6.927000000000000000e+03
1.181800000000000000e+04 5.860000000000000000e+03 5.820000000000000000e+03 5.854000000000000000e+03
9.903000000000000000e+03 4.896000000000000000e+03 4.945000000000000000e+03 4.925000000000000000e+03
8.172000000000000000e+03 4.106000000000000000e+03 4.133000000000000000e+03 4.231000000000000000e+03
7.083000000000000000e+03 3.407000000000000000e+03 3.521000000000000000e+03 3.568000000000000000e+03
6.044000000000000000e+03 2.953000000000000000e+03 2.907000000000000000e+03 2.972000000000000000e+03
9.223000000000000000e+03 4.610000000000000000e+03 4.631000000000000000e+03 4.663000000000000000e+03
6.964000000000000000e+03 3.433000000000000000e+03 3.427000000000000000e+03 3.429000000000000000e+03
5.212000000000000000e+03 2.542000000000000000e+03 2.605000000000000000e+03 2.484000000000000000e+03
3.962000000000000000e+03 1.971000000000000000e+03 1.980000000000000000e+03 2.051000000000000000e+03
2.906000000000000000e+03 1.529000000000000000e+03 1.540000000000000000e+03 1.447000000000000000e+03
4.797000000000000000e+03 2.412000000000000000e+03 2.386000000000000000e+03 2.441000000000000000e+03
2.609000000000000000e+03 1.290000000000000000e+03 1.327000000000000000e+03 1.349000000000000000e+03
3.477000000000000000e+03 1.726000000000000000e+03 1.703000000000000000e+03 1.652000000000000000e+03
